“Job Submitted”
DM_m= 6.972845e-01 10^10 M_sun 	 L_box=1.433600e+02 Mpc
No of threads = 1
norml=9.313226e-10	CC=2.984421e+03	rho_b_inv=6.400000e+01
ok delta_fill time = 1.234803e+02
ok cal_pow time = 1.748754e+02
ok Zel_move time = 1.526876e+02
ok cic = 9.579808e+00
delta_aap=1.122318e-04
(z=120.4) time for  Nbody loop = 3.235517e+02	time for write output = 5.590221e+01
delta_aap=1.144269e-04
(z=110.4) time for  Nbody loop = 7.280827e+02	time for write output = 5.720576e+01
delta_aap=4.683435e-05
(z=105.4) time for  Nbody loop = 5.333178e+02	time for write output = 5.684967e+01
delta_aap=8.843653e-05
(z=100.4) time for  Nbody loop = 5.225315e+02	time for write output = 5.727447e+01
delta_aap=1.150928e-05
(z=95.4) time for  Nbody loop = 6.381977e+02	time for write output = 5.625063e+01
delta_aap=6.747432e-05
(z=90.4) time for  Nbody loop = 6.217546e+02	time for write output = 5.689800e+01
delta_aap=8.153729e-06
(z=85.4) time for  Nbody loop = 7.216960e+02	time for write output = 5.645423e+01
delta_aap=8.593686e-05
(z=80.4) time for  Nbody loop = 7.291368e+02	time for write output = 5.923988e+01
delta_aap=5.399156e-05
(z=75.4) time for  Nbody loop = 8.907914e+02	time for write output = 5.626606e+01
delta_aap=4.159566e-05
(z=70.4) time for  Nbody loop = 9.496902e+02	time for write output = 5.653019e+01
delta_aap=5.463604e-05
(z=65.4) time for  Nbody loop = 1.066334e+03	time for write output = 5.696065e+01
delta_aap=1.014024e-04
(z=60.4) time for  Nbody loop = 1.154096e+03	time for write output = 5.659728e+01
delta_aap=6.884895e-05
(z=55.4) time for  Nbody loop = 1.326155e+03	time for write output = 5.690037e+01
delta_aap=9.975210e-05
(z=50.4) time for  Nbody loop = 1.541963e+03	time for write output = 5.687500e+01
delta_aap=9.646639e-05
(z=45.4) time for  Nbody loop = 1.832726e+03	time for write output = 5.701591e+01
delta_aap=1.028609e-04
(z=40.4) time for  Nbody loop = 2.247579e+03	time for write output = 5.717981e+01
delta_aap=6.793067e-05
(z=35.4) time for  Nbody loop = 2.877144e+03	time for write output = 5.758922e+01
delta_aap=1.246072e-04
(z=30.4) time for  Nbody loop = 3.710016e+03	time for write output = 5.795637e+01
delta_aap=3.173202e-05
(z=25.4) time for  Nbody loop = 5.164902e+03	time for write output = 5.807251e+01
delta_aap=1.002960e-04
(z=20.4) time for  Nbody loop = 7.479223e+03	time for write output = 5.845531e+01
delta_aap=8.355081e-05
(z=17.5) time for  Nbody loop = 6.153906e+03	time for write output = 5.865792e+01
delta_aap=3.826991e-05
(z=15.4) time for  Nbody loop = 6.085976e+03	time for write output = 5.887379e+01
delta_aap=4.798174e-06
(z=12.5) time for  Nbody loop = 1.113782e+04	time for write output = 5.923552e+01
delta_aap=1.142323e-04
(z=10.4) time for  Nbody loop = 1.207425e+04	time for write output = 5.934593e+01
delta_aap=5.965680e-05
(z=9.4) time for  Nbody loop = 7.447670e+03	time for write output = 5.956619e+01
delta_aap=1.042634e-04
(z=8.4) time for  Nbody loop = 8.993131e+03	time for write output = 5.972569e+01
delta_aap=3.980100e-05
(z=7.4) time for  Nbody loop = 1.120741e+04	time for write output = 5.987357e+01
delta_aap=8.711219e-05
(z=6.4) time for  Nbody loop = 1.420026e+04	time for write output = 6.009651e+01
delta_aap=1.138896e-04
(z=5.4) time for  Nbody loop = 1.865918e+04	time for write output = 6.027795e+01
delta_aap=5.882978e-05
(z=4.4) time for  Nbody loop = 2.568591e+04	time for write output = 6.052193e+01
delta_aap=8.557737e-05
(z=3.4) time for  Nbody loop = 3.740731e+04	time for write output = 6.082805e+01
delta_aap=8.943677e-05
(z=2.5) time for  Nbody loop = 4.922644e+04	time for write output = 6.102254e+01
delta_aap=8.985400e-05
(z=2.0) time for  Nbody loop = 4.149088e+04	time for write output = 6.115615e+01
delta_aap=3.832579e-05
(z=1.8) time for  Nbody loop = 3.060346e+04	time for write output = 6.156699e+01
delta_aap=9.477139e-05
(z=1.5) time for  Nbody loop = 2.767638e+04	time for write output = 6.156171e+01
delta_aap=8.356571e-05
(z=1.3) time for  Nbody loop = 4.512753e+04	time for write output = 6.159803e+01
delta_aap=4.372001e-05
(z=1.0) time for  Nbody loop = 4.102810e+04	time for write output = 6.136190e+01
delta_aap=6.008148e-05
(z=0.8) time for  Nbody loop = 7.002152e+04	time for write output = 6.136656e+01
delta_aap=1.059771e-04
(z=0.5) time for  Nbody loop = 6.951588e+04	time for write output = 6.186785e+01
delta_aap=1.082420e-04
(z=0.3) time for  Nbody loop = 1.300495e+05	time for write output = 6.207962e+01
delta_aap=5.960464e-07
(z=0.1) time for  Nbody loop = 7.191865e+04	time for write output = 6.167360e+01
delta_aap=8.225441e-06
(z=0.0) time for  Nbody loop = 9.544605e+04	time for write output = 6.156153e+01
number of step = 7760
done. Total time taken = 250hr 50min 8sec
“Job finished successfully”
